129755.5
129755.5
1307124
1197 1092
0.452161
bk1 847 364 1183 497
bk10a 0 0 378 119
bk10b 0 812 161 952
bk10c 126 462 245 511
bk11 0 952 175 1071
bk12 175 938 581 1078
bk13 581 952 1078 1092
bk14a 0 616 119 812
bk14b 847 497 1141 616
bk14c 119 511 238 672
bk15a 931 616 1197 735
bk15b 728 504 847 840
bk16 1078 952 1197 1078
bk17a 378 182 749 364
bk17b 378 0 581 182
bk18 581 0 784 182
bk19 847 735 966 819
bk2 903 98 1197 231
bk20 371 623 721 805
bk21 336 364 651 504
bk3 847 819 1162 952
bk4 161 805 721 938
bk5a 651 364 784 504
bk5b 126 329 301 462
bk5c 238 511 371 742
bk6 784 231 1099 364
bk7 903 0 1085 98
bk8a 126 119 336 329
bk8b 0 119 126 497
bk9a 784 0 903 182
bk9b 0 497 119 616
bk9c 371 504 728 623
bk9d 847 616 931 735
